0 info it worked if it ends with ok
1 verbose cli [ 'node', '/usr/local/bin/npm', 'publish' ]
2 info using npm@1.3.11
3 info using node@v0.10.21
4 verbose publish [ '.' ]
5 verbose cache add [ '.', null ]
6 verbose cache add name=undefined spec="." args=[".",null]
7 verbose parsed url { protocol: null,
7 verbose parsed url   slashes: null,
7 verbose parsed url   auth: null,
7 verbose parsed url   host: null,
7 verbose parsed url   port: null,
7 verbose parsed url   hostname: null,
7 verbose parsed url   hash: null,
7 verbose parsed url   search: null,
7 verbose parsed url   query: null,
7 verbose parsed url   pathname: '.',
7 verbose parsed url   path: '.',
7 verbose parsed url   href: '.' }
8 silly lockFile 3a52ce78- .
9 verbose lock . /Users/craig/.npm/3a52ce78-.lock
10 verbose tar pack [ '/var/folders/n1/r96x64mx6jzcbzkbz1ddrw6r0000gn/T/npm-14925-LT9os3wF/1393888760952-0.28065750817768276/tmp.tgz',
10 verbose tar pack   '.' ]
11 verbose tarball /var/folders/n1/r96x64mx6jzcbzkbz1ddrw6r0000gn/T/npm-14925-LT9os3wF/1393888760952-0.28065750817768276/tmp.tgz
12 verbose folder .
13 silly lockFile 1f1177db-tar tar://.
14 verbose lock tar://. /Users/craig/.npm/1f1177db-tar.lock
15 silly lockFile 13966e9c-0952-0-28065750817768276-tmp-tgz tar:///var/folders/n1/r96x64mx6jzcbzkbz1ddrw6r0000gn/T/npm-14925-LT9os3wF/1393888760952-0.28065750817768276/tmp.tgz
16 verbose lock tar:///var/folders/n1/r96x64mx6jzcbzkbz1ddrw6r0000gn/T/npm-14925-LT9os3wF/1393888760952-0.28065750817768276/tmp.tgz /Users/craig/.npm/13966e9c-0952-0-28065750817768276-tmp-tgz.lock
17 silly lockFile 1f1177db-tar tar://.
18 silly lockFile 1f1177db-tar tar://.
19 silly lockFile 13966e9c-0952-0-28065750817768276-tmp-tgz tar:///var/folders/n1/r96x64mx6jzcbzkbz1ddrw6r0000gn/T/npm-14925-LT9os3wF/1393888760952-0.28065750817768276/tmp.tgz
20 silly lockFile 13966e9c-0952-0-28065750817768276-tmp-tgz tar:///var/folders/n1/r96x64mx6jzcbzkbz1ddrw6r0000gn/T/npm-14925-LT9os3wF/1393888760952-0.28065750817768276/tmp.tgz
21 verbose tar unpack /var/folders/n1/r96x64mx6jzcbzkbz1ddrw6r0000gn/T/npm-14925-LT9os3wF/1393888760952-0.28065750817768276/tmp.tgz
22 silly lockFile ebe5fa04-0952-0-28065750817768276-package tar:///var/folders/n1/r96x64mx6jzcbzkbz1ddrw6r0000gn/T/npm-14925-LT9os3wF/1393888760952-0.28065750817768276/package
23 verbose lock tar:///var/folders/n1/r96x64mx6jzcbzkbz1ddrw6r0000gn/T/npm-14925-LT9os3wF/1393888760952-0.28065750817768276/package /Users/craig/.npm/ebe5fa04-0952-0-28065750817768276-package.lock
24 silly lockFile 13966e9c-0952-0-28065750817768276-tmp-tgz tar:///var/folders/n1/r96x64mx6jzcbzkbz1ddrw6r0000gn/T/npm-14925-LT9os3wF/1393888760952-0.28065750817768276/tmp.tgz
25 verbose lock tar:///var/folders/n1/r96x64mx6jzcbzkbz1ddrw6r0000gn/T/npm-14925-LT9os3wF/1393888760952-0.28065750817768276/tmp.tgz /Users/craig/.npm/13966e9c-0952-0-28065750817768276-tmp-tgz.lock
26 silly gunzTarPerm modes [ '755', '644' ]
27 silly gunzTarPerm extractEntry package.json
28 silly gunzTarPerm extractEntry .npmignore
29 silly gunzTarPerm extractEntry README.md
30 silly gunzTarPerm extractEntry .travis.yml
31 silly gunzTarPerm extractEntry lib/index.js
32 silly gunzTarPerm extractEntry test/runlater-test.js
33 silly lockFile ebe5fa04-0952-0-28065750817768276-package tar:///var/folders/n1/r96x64mx6jzcbzkbz1ddrw6r0000gn/T/npm-14925-LT9os3wF/1393888760952-0.28065750817768276/package
34 silly lockFile ebe5fa04-0952-0-28065750817768276-package tar:///var/folders/n1/r96x64mx6jzcbzkbz1ddrw6r0000gn/T/npm-14925-LT9os3wF/1393888760952-0.28065750817768276/package
35 silly lockFile 13966e9c-0952-0-28065750817768276-tmp-tgz tar:///var/folders/n1/r96x64mx6jzcbzkbz1ddrw6r0000gn/T/npm-14925-LT9os3wF/1393888760952-0.28065750817768276/tmp.tgz
36 silly lockFile 13966e9c-0952-0-28065750817768276-tmp-tgz tar:///var/folders/n1/r96x64mx6jzcbzkbz1ddrw6r0000gn/T/npm-14925-LT9os3wF/1393888760952-0.28065750817768276/tmp.tgz
37 verbose tar pack [ '/Users/craig/.npm/runlater/0.0.10/package.tgz',
37 verbose tar pack   '/var/folders/n1/r96x64mx6jzcbzkbz1ddrw6r0000gn/T/npm-14925-LT9os3wF/1393888760952-0.28065750817768276/package' ]
38 verbose tarball /Users/craig/.npm/runlater/0.0.10/package.tgz
39 verbose folder /var/folders/n1/r96x64mx6jzcbzkbz1ddrw6r0000gn/T/npm-14925-LT9os3wF/1393888760952-0.28065750817768276/package
40 silly lockFile ebe5fa04-0952-0-28065750817768276-package tar:///var/folders/n1/r96x64mx6jzcbzkbz1ddrw6r0000gn/T/npm-14925-LT9os3wF/1393888760952-0.28065750817768276/package
41 verbose lock tar:///var/folders/n1/r96x64mx6jzcbzkbz1ddrw6r0000gn/T/npm-14925-LT9os3wF/1393888760952-0.28065750817768276/package /Users/craig/.npm/ebe5fa04-0952-0-28065750817768276-package.lock
42 silly lockFile 1282dcba--npm-runlater-0-0-10-package-tgz tar:///Users/craig/.npm/runlater/0.0.10/package.tgz
43 verbose lock tar:///Users/craig/.npm/runlater/0.0.10/package.tgz /Users/craig/.npm/1282dcba--npm-runlater-0-0-10-package-tgz.lock
44 silly lockFile ebe5fa04-0952-0-28065750817768276-package tar:///var/folders/n1/r96x64mx6jzcbzkbz1ddrw6r0000gn/T/npm-14925-LT9os3wF/1393888760952-0.28065750817768276/package
45 silly lockFile ebe5fa04-0952-0-28065750817768276-package tar:///var/folders/n1/r96x64mx6jzcbzkbz1ddrw6r0000gn/T/npm-14925-LT9os3wF/1393888760952-0.28065750817768276/package
46 silly lockFile 1282dcba--npm-runlater-0-0-10-package-tgz tar:///Users/craig/.npm/runlater/0.0.10/package.tgz
47 silly lockFile 1282dcba--npm-runlater-0-0-10-package-tgz tar:///Users/craig/.npm/runlater/0.0.10/package.tgz
48 silly lockFile 16864431-raig-npm-runlater-0-0-10-package /Users/craig/.npm/runlater/0.0.10/package
49 verbose lock /Users/craig/.npm/runlater/0.0.10/package /Users/craig/.npm/16864431-raig-npm-runlater-0-0-10-package.lock
50 silly lockFile 16864431-raig-npm-runlater-0-0-10-package /Users/craig/.npm/runlater/0.0.10/package
51 silly lockFile 16864431-raig-npm-runlater-0-0-10-package /Users/craig/.npm/runlater/0.0.10/package
52 verbose tar unpack /Users/craig/.npm/runlater/0.0.10/package.tgz
53 silly lockFile 13330b8e-raig-npm-runlater-0-0-10-package tar:///Users/craig/.npm/runlater/0.0.10/package
54 verbose lock tar:///Users/craig/.npm/runlater/0.0.10/package /Users/craig/.npm/13330b8e-raig-npm-runlater-0-0-10-package.lock
55 silly lockFile 1282dcba--npm-runlater-0-0-10-package-tgz tar:///Users/craig/.npm/runlater/0.0.10/package.tgz
56 verbose lock tar:///Users/craig/.npm/runlater/0.0.10/package.tgz /Users/craig/.npm/1282dcba--npm-runlater-0-0-10-package-tgz.lock
57 silly gunzTarPerm modes [ '755', '644' ]
58 silly gunzTarPerm extractEntry package.json
59 silly gunzTarPerm extractEntry .npmignore
60 silly gunzTarPerm extractEntry README.md
61 silly gunzTarPerm extractEntry .travis.yml
62 silly gunzTarPerm extractEntry lib/index.js
63 silly gunzTarPerm extractEntry test/runlater-test.js
64 silly lockFile 13330b8e-raig-npm-runlater-0-0-10-package tar:///Users/craig/.npm/runlater/0.0.10/package
65 silly lockFile 13330b8e-raig-npm-runlater-0-0-10-package tar:///Users/craig/.npm/runlater/0.0.10/package
66 silly lockFile 1282dcba--npm-runlater-0-0-10-package-tgz tar:///Users/craig/.npm/runlater/0.0.10/package.tgz
67 silly lockFile 1282dcba--npm-runlater-0-0-10-package-tgz tar:///Users/craig/.npm/runlater/0.0.10/package.tgz
68 verbose chmod /Users/craig/.npm/runlater/0.0.10/package.tgz 644
69 verbose chown /Users/craig/.npm/runlater/0.0.10/package.tgz [ 501, 20 ]
70 silly lockFile 3a52ce78- .
71 silly lockFile 3a52ce78- .
72 silly publish { name: 'runlater',
72 silly publish   version: '0.0.10',
72 silly publish   description: 'runlater.js runs code asynchronously at a later time. This library is used specifically for cleanup in mojo.js.',
72 silly publish   main: './lib/index.js',
72 silly publish   scripts: { test: 'mocha' },
72 silly publish   repository:
72 silly publish    { type: 'git',
72 silly publish      url: 'git://github.com/classdojo/runlater.js.git' },
72 silly publish   author: '',
72 silly publish   license: 'BSD-2-Clause',
72 silly publish   bugs: { url: 'https://github.com/classdojo/runlater.js/issues' },
72 silly publish   devDependencies: { mocha: '~1.15.1', 'expect.js': '~0.2.0' },
72 silly publish   dependencies: { boojs: '0.0.7' },
72 silly publish   readme: 'runlater.js runs code asynchronously at a later time. This library is used specifically for cleanup in mojo.js. [![Build Status](https://travis-ci.org/classdojo/runlater.js.png)](https://travis-ci.org/classdojo/runlater.js)\n\n```javascript\nvar runLater = require("runlater")(20);\n\n// called after 1 ms in batches of 20 synchronous methods. \n// I.E: below runs in 2 batches of 20 (40).\nfor(var i = 40; i--;)\n  runLater(function () {\n    \n  });\n```\n',
72 silly publish   readmeFilename: 'README.md',
72 silly publish   _id: 'runlater@0.0.10',
72 silly publish   dist: { shasum: 'e6814d3c877fee993779024407cb26c58fc98e94' },
72 silly publish   _from: '.' }
73 verbose url raw runlater
74 verbose url resolving [ 'http://registry.npmjs.org/', './runlater' ]
75 verbose url resolved http://registry.npmjs.org/runlater
76 info trying registry request attempt 1 at 15:19:21
77 http PUT http://registry.npmjs.org/runlater
78 http 201 http://registry.npmjs.org/runlater
79 verbose url raw runlater
80 verbose url resolving [ 'http://registry.npmjs.org/', './runlater' ]
81 verbose url resolved http://registry.npmjs.org/runlater
82 info trying registry request attempt 1 at 15:19:21
83 http GET http://registry.npmjs.org/runlater
84 http 200 http://registry.npmjs.org/runlater
85 error publish fail Cannot publish over existing version.
85 error publish fail Update the 'version' field in package.json and try again.
85 error publish fail
85 error publish fail If the previous version was published in error, see:
85 error publish fail     npm help unpublish
85 error publish fail
85 error publish fail To automatically increment version numbers, see:
85 error publish fail     npm help version
86 error System Darwin 13.0.0
87 error command "node" "/usr/local/bin/npm" "publish"
88 error cwd /Users/craig/Developer/Public/runlater.js
89 error node -v v0.10.21
90 error npm -v 1.3.11
91 error code EPUBLISHCONFLICT
92 verbose exit [ 1, true ]
